28-05-2024 19:46:23[INFO]Sistema Iniciado
28-05-2024 19:47:30[WARNING]Login mal-sucedido!
28-05-2024 19:48:05[WARNING]Login mal-sucedido!
28-05-2024 19:49:02[INFO]Sistema Iniciado
28-05-2024 19:49:21[INFO]Login bem-sucedido para o usuário:Jozias Duarte
28-05-2024 19:49:51[INFO]Inserindo informações de Disco no Banco de dados
28-05-2024 19:52:13[INFO]Sistema Iniciado
28-05-2024 19:53:27[INFO]Login bem-sucedido para o usuário:Jozias Duarte
28-05-2024 19:57:26[INFO]Sistema Iniciado
28-05-2024 19:57:49[INFO]Login bem-sucedido para o usuário:Jozias Duarte
29-05-2024 16:29:48[INFO]Sistema Iniciado
29-05-2024 16:30:21[INFO]Login bem-sucedido para o usuário:Jozias Duarte
29-05-2024 16:50:28[INFO]Sistema Iniciado
29-05-2024 16:50:49[INFO]Login bem-sucedido para o usuário:Jozias Duarte
29-05-2024 16:51:29[INFO]Inserindo informações de Disco no Banco de dados
29-05-2024 16:53:32[INFO]Sistema Iniciado
29-05-2024 16:54:22[INFO]Login bem-sucedido para o usuário:Jozias Duarte
29-05-2024 16:54:58[INFO]Inserindo informações de Disco no Banco de dados
29-05-2024 22:34:23[INFO]Sistema Iniciado
29-05-2024 22:35:49[INFO]Sistema Iniciado
29-05-2024 22:36:10[INFO]Login bem-sucedido para o usuário:Jozias Duarte
29-05-2024 22:36:54[INFO]Inserindo informações de Disco no Banco de dados
29-05-2024 22:42:24[INFO]Sistema Iniciado
29-05-2024 22:42:48[INFO]Login bem-sucedido para o usuário:Jozias Duarte
29-05-2024 22:44:47[INFO]Sistema Iniciado
29-05-2024 22:45:37[INFO]Login bem-sucedido para o usuário:Jozias Duarte
29-05-2024 22:50:00[INFO]Sistema Iniciado
29-05-2024 22:50:23[INFO]Login bem-sucedido para o usuário:Jozias Duarte
29-05-2024 22:52:52[INFO]Sistema Iniciado
29-05-2024 22:53:06[INFO]Login bem-sucedido para o usuário:Jozias Duarte
29-05-2024 22:53:49[INFO]Sistema Iniciado
29-05-2024 22:54:07[INFO]Login bem-sucedido para o usuário:Jozias Duarte
29-05-2024 22:54:33[INFO]Sistema Iniciado
29-05-2024 22:54:51[INFO]Login bem-sucedido para o usuário:Jozias Duarte
29-05-2024 23:18:51[INFO]Sistema Iniciado
29-05-2024 23:19:17[INFO]Login bem-sucedido para o usuário:Jozias Duarte
29-05-2024 23:39:18[INFO]Sistema Iniciado
29-05-2024 23:39:38[INFO]Login bem-sucedido para o usuário:Jozias Duarte
29-05-2024 23:40:25[INFO]Sistema Iniciado
29-05-2024 23:40:42[INFO]Login bem-sucedido para o usuário:Jozias Duarte
29-05-2024 23:45:04[INFO]Sistema Iniciado
29-05-2024 23:45:18[INFO]Login bem-sucedido para o usuário:Jozias Duarte
29-05-2024 23:50:55[INFO]Sistema Iniciado
29-05-2024 23:51:21[INFO]Login bem-sucedido para o usuário:Jozias Duarte
29-05-2024 23:54:35[INFO]Sistema Iniciado
29-05-2024 23:54:49[WARNING]Login mal-sucedido!
29-05-2024 23:54:59[INFO]Login bem-sucedido para o usuário:Jozias Duarte
29-05-2024 23:55:44[INFO]Sistema Iniciado
29-05-2024 23:56:00[INFO]Login bem-sucedido para o usuário:Jozias Duarte
30-05-2024 00:02:22[INFO]Sistema Iniciado
30-05-2024 00:02:41[INFO]Login bem-sucedido para o usuário:Jozias Duarte
30-05-2024 00:26:23[INFO]Sistema Iniciado
30-05-2024 00:26:37[INFO]Login bem-sucedido para o usuário:Jozias Duarte
30-05-2024 00:33:30[INFO]Sistema Iniciado
30-05-2024 00:33:47[INFO]Login bem-sucedido para o usuário:Jozias Duarte
30-05-2024 00:40:36[INFO]Sistema Iniciado
30-05-2024 00:40:55[INFO]Login bem-sucedido para o usuário:Jozias Duarte
30-05-2024 00:41:19[INFO]Inserindo informações de Disco no Banco de dados
30-05-2024 00:50:11[INFO]Sistema Iniciado
30-05-2024 01:03:08[INFO]Login bem-sucedido para o usuário:Jozias Duarte
30-05-2024 01:03:39[INFO]Inserindo informações de Disco no Banco de dados
30-05-2024 01:08:35[INFO]Sistema Iniciado
30-05-2024 01:08:57[INFO]Login bem-sucedido para o usuário:Jozias Duarte
30-05-2024 01:10:15[INFO]Sistema Iniciado
30-05-2024 01:10:37[INFO]Login bem-sucedido para o usuário:Jozias Duarte
30-05-2024 01:10:59[INFO]Inserindo informações de Disco no Banco de dados
30-05-2024 01:12:22[INFO]Sistema Iniciado
30-05-2024 01:12:40[INFO]Login bem-sucedido para o usuário:Jozias Duarte
<<<<<<< HEAD
31-05-2024 15:35:55[INFO]Sistema Iniciado
31-05-2024 15:37:41[INFO]Login bem-sucedido para o usuário:Jozias Duarte
31-05-2024 16:09:48[INFO]Sistema Iniciado
31-05-2024 16:10:14[INFO]Login bem-sucedido para o usuário:Jozias Duarte
=======
30-05-2024 20:08:06[INFO]Sistema Iniciado
30-05-2024 20:08:24[INFO]Login bem-sucedido para o usuário:Jozias Duarte
30-05-2024 20:13:07[INFO]Sistema Iniciado
30-05-2024 20:13:30[WARNING]Login mal-sucedido!
30-05-2024 20:13:51[WARNING]Login mal-sucedido!
30-05-2024 20:14:41[INFO]Sistema Iniciado
30-05-2024 20:14:51[INFO]Login bem-sucedido para o usuário:Jozias Duarte
30-05-2024 20:15:15[INFO]Inserindo informações de Disco no Banco de dados
30-05-2024 20:16:24[INFO]Sistema Iniciado
30-05-2024 20:16:39[INFO]Login bem-sucedido para o usuário:Camila da Silva
>>>>>>> e9db3b17ce2b9044b5af5c472f3a3eb6b2b6caa6
