08-06-2024 03:41:01[INFO]Sistema Iniciado
08-06-2024 03:41:26[INFO]Login bem-sucedido para o usuário:Jozias Duarte
08-06-2024 03:42:29[INFO]Inserindo informações de Disco no Banco de dados (SQL Server)
08-06-2024 03:42:32[INFO]Inserindo informações de Disco no Banco de dados (MySQL)
10-06-2024 10:00:47[INFO]Sistema Iniciado
10-06-2024 10:01:06[INFO]ID: 1 Nome: Jozias Duarteencontrado no sistema
10-06-2024 10:01:06[INFO]Login bem-sucedido para o usuário:Jozias Duarte
10-06-2024 10:02:19[INFO]Inserindo informações de Tempo de Atividade no Banco de dados (SQLServer)
10-06-2024 10:02:19[INFO]Inserindo informações de Tempo de Atividade no Banco de dados (MySQL)
10-06-2024 10:02:24[INFO]Inserindo informações da CPU no Banco de dados (SQL Server)
10-06-2024 10:02:25[INFO]Inserindo informações de Disco no Banco de dados (MySQL)
10-06-2024 10:02:31[INFO]Inserindo informações de RAM no Banco de dados (SQLServer)
10-06-2024 10:02:31[INFO]Inserindo informações de RAM no Banco de dados (MySQL)
10-06-2024 10:20:15[INFO]Sistema Iniciado
10-06-2024 10:20:37[INFO]ID: 1 Nome: Jozias Duarteencontrado no sistema
10-06-2024 10:20:37[INFO]Login bem-sucedido para o usuário:Jozias Duarte
16-06-2024 14:10:28[INFO]Sistema Iniciado
16-06-2024 14:10:42[INFO]ID: 1 Nome: Jozias Duarteencontrado no sistema
16-06-2024 14:10:42[INFO]Login bem-sucedido para o usuário:Jozias Duarte
16-06-2024 14:11:13[INFO]Inserindo informações de Disco no Banco de dados (SQL Server)
16-06-2024 14:11:17[INFO]Inserindo informações de Disco no Banco de dados (MySQL)
16-06-2024 14:11:27[INFO]Inserindo informações de Tempo de Atividade no Banco de dados (SQLServer)
16-06-2024 14:11:27[INFO]Inserindo informações de Tempo de Atividade no Banco de dados (MySQL)
16-06-2024 14:11:32[INFO]Inserindo informações da CPU no Banco de dados (SQL Server)
16-06-2024 14:11:32[INFO]Inserindo informações de Disco no Banco de dados (MySQL)
16-06-2024 14:11:44[INFO]Inserindo informações de RAM no Banco de dados (SQLServer)
16-06-2024 14:11:44[INFO]Inserindo informações de RAM no Banco de dados (MySQL)
16-06-2024 14:15:37[INFO]Sistema Iniciado
16-06-2024 14:15:50[INFO]ID: 1 Nome: Jozias Duarteencontrado no sistema
16-06-2024 14:15:50[INFO]Login bem-sucedido para o usuário:Jozias Duarte
16-06-2024 14:36:40[INFO]Sistema Iniciado
16-06-2024 14:36:55[INFO]ID: 1 Nome: Jozias Duarteencontrado no sistema
16-06-2024 14:36:55[INFO]Login bem-sucedido para o usuário:Jozias Duarte
16-06-2024 18:35:47[INFO]Sistema Iniciado
16-06-2024 18:36:01[INFO]ID: 1 Nome: Jozias Duarteencontrado no sistema
16-06-2024 18:36:01[INFO]Login bem-sucedido para o usuário:Jozias Duarte
16-06-2024 18:39:01[INFO]Sistema Iniciado
16-06-2024 18:39:14[INFO]ID: 1 Nome: Jozias Duarteencontrado no sistema
16-06-2024 18:39:14[INFO]Login bem-sucedido para o usuário:Jozias Duarte
16-06-2024 18:39:48[INFO]Inserindo informações de Disco no Banco de dados (SQL Server)
16-06-2024 18:39:52[INFO]Inserindo informações de Disco no Banco de dados (MySQL)
16-06-2024 18:49:01[INFO]Sistema Iniciado
16-06-2024 18:49:17[INFO]ID: 1 Nome: Jozias Duarteencontrado no sistema
16-06-2024 18:49:17[INFO]Login bem-sucedido para o usuário:Jozias Duarte
16-06-2024 18:50:06[INFO]Inserindo informações de Tempo de Atividade no Banco de dados (SQLServer)
16-06-2024 18:50:06[INFO]Inserindo informações de Tempo de Atividade no Banco de dados (MySQL)
16-06-2024 18:50:14[INFO]Inserindo informações da CPU no Banco de dados (SQL Server)
16-06-2024 19:04:58[INFO]Sistema Iniciado
16-06-2024 19:05:32[INFO]ID: 1 Nome: Jozias Duarteencontrado no sistema
16-06-2024 19:05:32[INFO]Login bem-sucedido para o usuário:Jozias Duarte
16-06-2024 19:06:09[INFO]Inserindo informações de Disco no Banco de dados (SQL Server)
16-06-2024 19:06:13[INFO]Inserindo informações de Disco no Banco de dados (MySQL)
16-06-2024 19:06:26[INFO]Inserindo informações de Tempo de Atividade no Banco de dados (SQLServer)
16-06-2024 19:06:26[INFO]Inserindo informações de Tempo de Atividade no Banco de dados (MySQL)
16-06-2024 19:06:34[INFO]Inserindo informações da CPU no Banco de dados (SQL Server)
16-06-2024 19:06:35[INFO]Inserindo informações de Disco no Banco de dados (MySQL)
16-06-2024 19:06:55[INFO]Inserindo informações de RAM no Banco de dados (SQLServer)
16-06-2024 19:06:55[INFO]Inserindo informações de RAM no Banco de dados (MySQL)
16-06-2024 19:09:49[INFO]Sistema Iniciado
16-06-2024 19:10:03[WARNING]nullnão encontrado no sistema
16-06-2024 19:10:03[WARNING]Login mal-sucedido!
16-06-2024 19:10:18[INFO]ID: 1 Nome: Jozias Duarteencontrado no sistema
16-06-2024 19:10:18[INFO]Login bem-sucedido para o usuário:Jozias Duarte
16-06-2024 19:13:59[INFO]Sistema Iniciado
16-06-2024 19:14:25[INFO]ID: 1 Nome: Jozias Duarteencontrado no sistema
16-06-2024 19:14:25[INFO]Login bem-sucedido para o usuário:Jozias Duarte
16-06-2024 19:16:17[INFO]Sistema Iniciado
16-06-2024 19:16:41[INFO]ID: 1 Nome: Jozias Duarteencontrado no sistema
16-06-2024 19:16:41[INFO]Login bem-sucedido para o usuário:Jozias Duarte
16-06-2024 19:18:35[INFO]Sistema Iniciado
16-06-2024 19:18:56[WARNING]nullnão encontrado no sistema
16-06-2024 19:18:56[WARNING]Login mal-sucedido!
16-06-2024 19:19:08[INFO]ID: 1 Nome: Jozias Duarteencontrado no sistema
16-06-2024 19:19:08[INFO]Login bem-sucedido para o usuário:Jozias Duarte
16-06-2024 19:19:39[INFO]Inserindo informações de Disco no Banco de dados (SQL Server)
16-06-2024 19:19:45[INFO]Inserindo informações de Disco no Banco de dados (MySQL)
16-06-2024 19:19:56[INFO]Inserindo informações de Tempo de Atividade no Banco de dados (SQLServer)
16-06-2024 19:19:57[INFO]Inserindo informações de Tempo de Atividade no Banco de dados (MySQL)
16-06-2024 19:20:06[INFO]Inserindo informações da CPU no Banco de dados (SQL Server)
16-06-2024 19:20:07[INFO]Inserindo informações de Disco no Banco de dados (MySQL)
16-06-2024 19:20:22[INFO]Inserindo informações de RAM no Banco de dados (SQLServer)
16-06-2024 19:20:22[INFO]Inserindo informações de RAM no Banco de dados (MySQL)
16-06-2024 19:21:52[INFO]Sistema Iniciado
16-06-2024 19:22:07[WARNING]nullnão encontrado no sistema
16-06-2024 19:22:07[WARNING]Login mal-sucedido!
16-06-2024 19:22:19[INFO]ID: 1 Nome: Jozias Duarteencontrado no sistema
16-06-2024 19:22:19[INFO]Login bem-sucedido para o usuário:Jozias Duarte
16-06-2024 19:25:17[INFO]Sistema Iniciado
16-06-2024 19:25:47[INFO]ID: 1 Nome: Jozias Duarteencontrado no sistema
16-06-2024 19:25:47[INFO]Login bem-sucedido para o usuário:Jozias Duarte
16-06-2024 19:26:23[INFO]Inserindo informações de Disco no Banco de dados (SQL Server)
16-06-2024 19:26:27[INFO]Inserindo informações de Disco no Banco de dados (MySQL)
16-06-2024 19:26:42[INFO]Inserindo informações de Tempo de Atividade no Banco de dados (SQLServer)
16-06-2024 19:26:42[INFO]Inserindo informações de Tempo de Atividade no Banco de dados (MySQL)
16-06-2024 19:26:52[INFO]Inserindo informações da CPU no Banco de dados (SQL Server)
16-06-2024 19:26:52[INFO]Inserindo informações de Disco no Banco de dados (MySQL)
16-06-2024 19:27:07[INFO]Inserindo informações de RAM no Banco de dados (SQLServer)
16-06-2024 19:27:07[INFO]Inserindo informações de RAM no Banco de dados (MySQL)
16-06-2024 19:33:55[INFO]Sistema Iniciado
16-06-2024 19:34:10[INFO]ID: 1 Nome: Jozias Duarteencontrado no sistema
16-06-2024 19:34:10[INFO]Login bem-sucedido para o usuário:Jozias Duarte
16-06-2024 19:34:55[INFO]Inserindo informações de Disco no Banco de dados (SQL Server)
16-06-2024 19:35:00[INFO]Inserindo informações de Disco no Banco de dados (MySQL)
16-06-2024 19:35:09[INFO]Inserindo informações de Tempo de Atividade no Banco de dados (SQLServer)
16-06-2024 19:35:09[INFO]Inserindo informações de Tempo de Atividade no Banco de dados (MySQL)
16-06-2024 19:35:14[INFO]Inserindo informações da CPU no Banco de dados (SQL Server)
16-06-2024 19:35:15[INFO]Inserindo informações de Disco no Banco de dados (MySQL)
16-06-2024 19:35:27[INFO]Inserindo informações de RAM no Banco de dados (SQLServer)
16-06-2024 19:35:27[INFO]Inserindo informações de RAM no Banco de dados (MySQL)
